#
# A fatal error has been detected by the Java Runtime Environment:
#
#  EXCEPTION_ACCESS_VIOLATION (0xc0000005) at pc=0x00007ff98fd6fb26, pid=25644, tid=19640
#
# JRE version: Java(TM) SE Runtime Environment (18.0.2+9) (build 18.0.2+9-61)
# Java VM: Java HotSpot(TM) 64-Bit Server VM (18.0.2+9-61, mixed mode, sharing, tiered, compressed oops, compressed class ptrs, g1 gc, windows-amd64)
# Problematic frame:
# C  [igxelpicd64.dll+0x3bfb26]
#
# No core dump will be written. Minidumps are not enabled by default on client versions of Windows
#
# If you would like to submit a bug report, please visit:
#   https://bugreport.java.com/bugreport/crash.jsp
#

---------------  S U M M A R Y ------------

Command Line: -Dfile.encoding=windows-1252 -Duser.country=IN -Duser.language=en -Duser.variant com.mygdx.game.DesktopLauncher

Host: 11th Gen Intel(R) Core(TM) i7-11370H @ 3.30GHz, 8 cores, 15G,  Windows 10 , 64 bit Build 19041 (10.0.19041.2251)
Time: Fri Nov 25 19:52:20 2022 India Standard Time elapsed time: 5.099458 seconds (0d 0h 0m 5s)

---------------  T H R E A D  ---------------

Current thread (0x0000028b7fcf8900):  VMThread "VM Thread" [stack: 0x0000009e50d00000,0x0000009e50e00000] [id=19640]

Stack: [0x0000009e50d00000,0x0000009e50e00000],  sp=0x0000009e50dfe600,  free space=1017k
Native frames: (J=compiled Java code, j=interpreted, Vv=VM code, C=native code)
C  [igxelpicd64.dll+0x3bfb26]


siginfo: EXCEPTION_ACCESS_VIOLATION (0xc0000005), reading address 0x0000000000035468


Register to memory mapping:

RIP=0x00007ff98fd6fb26 igxelpicd64.dll
RAX=0x0000028b274b1390 points into unknown readable memory: 0x0000000000043732 | 32 37 04 00 00 00 00 00
RBX=0x0000028b212d3d50 points into unknown readable memory: 0xffffffffffffffff | ff ff ff ff ff ff ff ff
RCX=0x0 is NULL
RDX=0x0 is NULL
RSP=0x0000009e50dfe600 points into unknown readable memory: 0x0000028b212d3d50 | 50 3d 2d 21 8b 02 00 00
RBP=0x0 is NULL
RSI=0x0000028b274b1290 points into unknown readable memory: 0x0000028b21358aa0 | a0 8a 35 21 8b 02 00 00
RDI=0x0000028b20e419b0 points into unknown readable memory: 0x00007ff990490600 | 00 06 49 90 f9 7f 00 00
R8 =0x0000028b274b1390 points into unknown readable memory: 0x0000000000043732 | 32 37 04 00 00 00 00 00
R9 =0x0 is NULL
R10=0x0 is NULL
R11=0x0000000000000246 is an unknown value
R12=0x0000028b274b1290 points into unknown readable memory: 0x0000028b21358aa0 | a0 8a 35 21 8b 02 00 00
R13=0x0 is NULL
R14=0x0000028b274b17d8 points into unknown readable memory: 0x0000000000000000 | 00 00 00 00 00 00 00 00
R15=0x0 is NULL


Registers:
RAX=0x0000028b274b1390, RBX=0x0000028b212d3d50, RCX=0x0000000000000000, RDX=0x0000000000000000
RSP=0x0000009e50dfe600, RBP=0x0000000000000000, RSI=0x0000028b274b1290, RDI=0x0000028b20e419b0
R8 =0x0000028b274b1390, R9 =0x0000000000000000, R10=0x0000000000000000, R11=0x0000000000000246
R12=0x0000028b274b1290, R13=0x0000000000000000, R14=0x0000028b274b17d8, R15=0x0000000000000000
RIP=0x00007ff98fd6fb26, EFLAGS=0x0000000000010206

Top of Stack: (sp=0x0000009e50dfe600)
0x0000009e50dfe600:   0000028b212d3d50 0000000000000000
0x0000009e50dfe610:   0000028b21495970 00007ff98fa43a55
0x0000009e50dfe620:   0000001621000000 0000000000000000
0x0000009e50dfe630:   0000028b214a13e0 0000000000000000
0x0000009e50dfe640:   0000028b212d3d50 0000000000000000
0x0000009e50dfe650:   0000000000000000 0000028b00000028
0x0000009e50dfe660:   0000028b24a80830 0000800400001000
0x0000009e50dfe670:   0000000000000000 0000028b214a19e0
0x0000009e50dfe680:   0000028b26b3cdc0 0000000000000000
0x0000009e50dfe690:   0000000000000000 0000000000000000
0x0000009e50dfe6a0:   0000000000000000 0000000000000000
0x0000009e50dfe6b0:   0000000000000000 0000000000000000
0x0000009e50dfe6c0:   0000000000000000 0000028b214a11d8
0x0000009e50dfe6d0:   0000000000000000 0000000000000000
0x0000009e50dfe6e0:   0000000000000000 0000000000000000
0x0000009e50dfe6f0:   0000000000000000 0000000000000000 

Instructions: (pc=0x00007ff98fd6fb26)
0x00007ff98fd6fa26:   00 90 4c 8b bf 80 02 00 00 48 8b 05 5a 06 a5 00
0x00007ff98fd6fa36:   8b 80 c8 0a 00 00 89 44 24 24 c6 44 24 20 00 48
0x00007ff98fd6fa46:   c7 87 80 02 00 00 00 00 00 00 c7 87 88 02 00 00
0x00007ff98fd6fa56:   00 00 00 00 48 c7 87 a0 02 00 00 00 00 00 00 48
0x00007ff98fd6fa66:   c7 87 90 02 00 00 00 00 00 00 48 85 ed 75 3d 8b
0x00007ff98fd6fa76:   35 7d d4 b4 00 65 48 8b 04 25 58 00 00 00 b9 14
0x00007ff98fd6fa86:   00 00 00 48 8b 04 f0 40 38 2c 01 0f 84 b9 33 5f
0x00007ff98fd6fa96:   00 65 48 8b 04 25 58 00 00 00 bd 20 00 00 00 48
0x00007ff98fd6faa6:   8b 04 f0 48 8b 2c 28 48 89 6c 24 28 48 3b 2d 77
0x00007ff98fd6fab6:   f8 b4 00 0f 84 93 10 00 00 4d 85 ff 0f 84 3a 01
0x00007ff98fd6fac6:   00 00 0f 1f 84 00 00 00 00 00 49 8b f7 4d 8b e7
0x00007ff98fd6fad6:   4d 8d b7 48 05 00 00 4d 8b 3e 45 84 ed 0f 85 db
0x00007ff98fd6fae6:   0f 00 00 8b 8f d0 01 00 00 48 8b 05 9a 05 a5 00
0x00007ff98fd6faf6:   83 b8 64 03 00 00 02 75 34 4d 8d 84 24 00 01 00
0x00007ff98fd6fb06:   00 83 f9 10 0f 83 3a 01 00 00 8b c1 48 c1 e0 06
0x00007ff98fd6fb16:   49 03 c0 48 85 c0 0f 84 9b 01 00 00 48 8b 50 08
0x00007ff98fd6fb26:   48 3b 95 68 54 03 00 0f 87 51 0e 00 00 48 83 be
0x00007ff98fd6fb36:   c0 05 00 00 00 0f 85 40 33 5f 00 44 8b 8f d0 01
0x00007ff98fd6fb46:   00 00 48 8b 87 e8 01 00 00 4c 8b 00 8b 8f d0 01
0x00007ff98fd6fb56:   00 00 48 8d 9e 00 01 00 00 83 f9 10 0f 83 1e 01
0x00007ff98fd6fb66:   00 00 8b c1 48 c1 e0 06 48 03 c3 48 85 c0 0f 84
0x00007ff98fd6fb76:   4a 01 00 00 4c 39 40 08 0f 86 40 01 00 00 48 8b
0x00007ff98fd6fb86:   87 80 02 00 00 49 89 06 48 89 b7 80 02 00 00 ff
0x00007ff98fd6fb96:   87 88 02 00 00 48 8b 4e 08 48 8b 01 ba 01 00 00
0x00007ff98fd6fba6:   00 48 8b 80 e0 02 00 00 ff 15 54 da 70 00 0f b7
0x00007ff98fd6fbb6:   c8 48 2b c1 48 05 00 00 01 00 48 01 87 90 02 00
0x00007ff98fd6fbc6:   00 48 8b 4e 08 48 8b 01 ba 01 00 00 00 48 8b 80
0x00007ff98fd6fbd6:   e0 02 00 00 ff 15 28 da 70 00 48 01 87 a0 02 00
0x00007ff98fd6fbe6:   00 0f b6 54 24 20 4d 85 ff 0f 85 db fe ff ff 84
0x00007ff98fd6fbf6:   d2 0f 85 28 0f 00 00 48 8b 5c 24 40 48 8b cf 80
0x00007ff98fd6fc06:   7c 24 22 00 0f 85 4f 0f 00 00 e8 4b f9 ff ff 90
0x00007ff98fd6fc16:   48 8b cb ff 15 f9 d4 70 00 48 8b 8c 24 50 01 00 


Stack slot to memory mapping:
stack at sp + 0 slots: 0x0000028b212d3d50 points into unknown readable memory: 0xffffffffffffffff | ff ff ff ff ff ff ff ff
stack at sp + 1 slots: 0x0 is NULL
stack at sp + 2 slots: 0x0000028b21495970 points into unknown readable memory: 0x00007ff99048dc88 | 88 dc 48 90 f9 7f 00 00
stack at sp + 3 slots: 0x00007ff98fa43a55 igxelpicd64.dll
stack at sp + 4 slots: 0x0000001621000000 is an unknown value
stack at sp + 5 slots: 0x0 is NULL
stack at sp + 6 slots: 0x0000028b214a13e0 points into unknown readable memory: 0x0000000000000271 | 71 02 00 00 00 00 00 00
stack at sp + 7 slots: 0x0 is NULL

VM_Operation (0x0000009e507ff070): Exit, mode: safepoint, requested by thread 0x0000028b7983fee0


---------------  P R O C E S S  ---------------

Threads class SMR info:
_java_thread_list=0x0000028b26e9b340, length=13, elements={
0x0000028b7983fee0, 0x0000028b7fcfb7a0, 0x0000028b7fcfc750, 0x0000028b7fd171a0,
0x0000028b7fd17a50, 0x0000028b7fd183f0, 0x0000028b7fd19da0, 0x0000028b7fd1ca80,
0x0000028b7fd1d5a0, 0x0000028b7fd20210, 0x0000028b209b7040, 0x0000028b209c3960,
0x0000028b272aedd0
}

Java Threads: ( => current thread )
  0x0000028b7983fee0 JavaThread "main" [_thread_blocked, id=23612, stack(0x0000009e50700000,0x0000009e50800000)]
  0x0000028b7fcfb7a0 JavaThread "Reference Handler" daemon [_thread_blocked, id=17712, stack(0x0000009e50e00000,0x0000009e50f00000)]
  0x0000028b7fcfc750 JavaThread "Finalizer" daemon [_thread_blocked, id=14032, stack(0x0000009e50f00000,0x0000009e51000000)]
  0x0000028b7fd171a0 JavaThread "Signal Dispatcher" daemon [_thread_blocked, id=20052, stack(0x0000009e51000000,0x0000009e51100000)]
  0x0000028b7fd17a50 JavaThread "Attach Listener" daemon [_thread_blocked, id=13904, stack(0x0000009e51100000,0x0000009e51200000)]
  0x0000028b7fd183f0 JavaThread "Service Thread" daemon [_thread_blocked, id=23460, stack(0x0000009e51200000,0x0000009e51300000)]
  0x0000028b7fd19da0 JavaThread "Monitor Deflation Thread" daemon [_thread_blocked, id=3468, stack(0x0000009e51300000,0x0000009e51400000)]
  0x0000028b7fd1ca80 JavaThread "C2 CompilerThread0" daemon [_thread_blocked, id=26608, stack(0x0000009e51400000,0x0000009e51500000)]
  0x0000028b7fd1d5a0 JavaThread "C1 CompilerThread0" daemon [_thread_blocked, id=10248, stack(0x0000009e51500000,0x0000009e51600000)]
  0x0000028b7fd20210 JavaThread "Sweeper thread" daemon [_thread_blocked, id=23148, stack(0x0000009e51600000,0x0000009e51700000)]
  0x0000028b209b7040 JavaThread "Notification Thread" daemon [_thread_blocked, id=23844, stack(0x0000009e51700000,0x0000009e51800000)]
  0x0000028b209c3960 JavaThread "Common-Cleaner" daemon [_thread_blocked, id=10264, stack(0x0000009e51900000,0x0000009e51a00000)]
  0x0000028b272aedd0 JavaThread "LWJGL3 Timer" daemon [_thread_blocked, id=24616, stack(0x0000009e52300000,0x0000009e52400000)]

Other Threads:
=>0x0000028b7fcf8900 VMThread "VM Thread" [stack: 0x0000009e50d00000,0x0000009e50e00000] [id=19640]
  0x0000028b798af980 WorkerThread "GC Thread#0" [stack: 0x0000009e50800000,0x0000009e50900000] [id=11192]
  0x0000028b798c04c0 ConcurrentGCThread "G1 Main Marker" terminated
  0x0000028b798c0eb0 WorkerThread "G1 Conc#0" [stack: 0x0000009e50a00000,0x0000009e50b00000] [id=22772]
  0x0000028b798fec20 ConcurrentGCThread "G1 Refine#0" terminated
  0x0000028b7fbb4760 ConcurrentGCThread "G1 Service" terminated

Threads with active compile tasks:

VM state: at safepoint (shutting down)

VM Mutex/Monitor currently owned by a thread:  ([mutex/lock_event])
[0x0000028b7983bc10] Threads_lock - owner thread: 0x0000028b7fcf8900
[0x0000028b7983bd30] Heap_lock - owner thread: 0x0000028b7983fee0

Heap address: 0x0000000703e00000, size: 4034 MB, Compressed Oops mode: Zero based, Oop shift amount: 3

CDS archive(s) mapped at: [0x0000000800000000-0x0000000800ba0000-0x0000000800ba0000), size 12189696, SharedBaseAddress: 0x0000000800000000, ArchiveRelocationMode: 0.
Compressed class space mapped at: 0x0000000800c00000-0x0000000840c00000, reserved size: 1073741824
Narrow klass base: 0x0000000800000000, Narrow klass shift: 0, Narrow klass range: 0x100000000

GC Precious Log:
 CardTable entry size: 512
 Card Set container configuration: InlinePtr #cards 4 size 8 Array Of Cards #cards 16 size 48 Howl #buckets 8 coarsen threshold 3686 Howl Bitmap #cards 512 size 80 coarsen threshold 460 Card regions per heap region 1 cards per card region 4096
 CPUs: 8 total, 8 available
 Memory: 16129M
 Large Page Support: Disabled
 NUMA Support: Disabled
 Compressed Oops: Enabled (Zero based)
 Heap Region Size: 2M
 Heap Min Capacity: 8M
 Heap Initial Capacity: 254M
 Heap Max Capacity: 4034M
 Pre-touch: Disabled
 Parallel Workers: 8
 Concurrent Workers: 2
 Concurrent Refinement Workers: 8
 Periodic GC: Disabled

Heap:
 garbage-first heap   total 260096K, used 18432K [0x0000000703e00000, 0x0000000800000000)
  region size 2048K, 11 young (22528K), 0 survivors (0K)
 Metaspace       used 6812K, committed 6976K, reserved 1114112K
  class space    used 498K, committed 576K, reserved 1048576K

Heap Regions: E=young(eden), S=young(survivor), O=old, HS=humongous(starts), HC=humongous(continues), CS=collection set, F=free, OA=open archive, CA=closed archive, TAMS=top-at-mark-start (previous, next)
|   0|0x0000000703e00000, 0x0000000703e00000, 0x0000000704000000|  0%| F|  |TAMS 0x0000000703e00000, 0x0000000703e00000| Untracked 
|   1|0x0000000704000000, 0x0000000704000000, 0x0000000704200000|  0%| F|  |TAMS 0x0000000704000000, 0x0000000704000000| Untracked 
|   2|0x0000000704200000, 0x0000000704200000, 0x0000000704400000|  0%| F|  |TAMS 0x0000000704200000, 0x0000000704200000| Untracked 
|   3|0x0000000704400000, 0x0000000704400000, 0x0000000704600000|  0%| F|  |TAMS 0x0000000704400000, 0x0000000704400000| Untracked 
|   4|0x0000000704600000, 0x0000000704600000, 0x0000000704800000|  0%| F|  |TAMS 0x0000000704600000, 0x0000000704600000| Untracked 
|   5|0x0000000704800000, 0x0000000704800000, 0x0000000704a00000|  0%| F|  |TAMS 0x0000000704800000, 0x0000000704800000| Untracked 
|   6|0x0000000704a00000, 0x0000000704a00000, 0x0000000704c00000|  0%| F|  |TAMS 0x0000000704a00000, 0x0000000704a00000| Untracked 
|   7|0x0000000704c00000, 0x0000000704c00000, 0x0000000704e00000|  0%| F|  |TAMS 0x0000000704c00000, 0x0000000704c00000| Untracked 
|   8|0x0000000704e00000, 0x0000000704e00000, 0x0000000705000000|  0%| F|  |TAMS 0x0000000704e00000, 0x0000000704e00000| Untracked 
|   9|0x0000000705000000, 0x0000000705000000, 0x0000000705200000|  0%| F|  |TAMS 0x0000000705000000, 0x0000000705000000| Untracked 
|  10|0x0000000705200000, 0x0000000705200000, 0x0000000705400000|  0%| F|  |TAMS 0x0000000705200000, 0x0000000705200000| Untracked 
|  11|0x0000000705400000, 0x0000000705400000, 0x0000000705600000|  0%| F|  |TAMS 0x0000000705400000, 0x0000000705400000| Untracked 
|  12|0x0000000705600000, 0x0000000705600000, 0x0000000705800000|  0%| F|  |TAMS 0x0000000705600000, 0x0000000705600000| Untracked 
|  13|0x0000000705800000, 0x0000000705800000, 0x0000000705a00000|  0%| F|  |TAMS 0x0000000705800000, 0x0000000705800000| Untracked 
|  14|0x0000000705a00000, 0x0000000705a00000, 0x0000000705c00000|  0%| F|  |TAMS 0x0000000705a00000, 0x0000000705a00000| Untracked 
|  15|0x0000000705c00000, 0x0000000705c00000, 0x0000000705e00000|  0%| F|  |TAMS 0x0000000705c00000, 0x0000000705c00000| Untracked 
|  16|0x0000000705e00000, 0x0000000705e00000, 0x0000000706000000|  0%| F|  |TAMS 0x0000000705e00000, 0x0000000705e00000| Untracked 
|  17|0x0000000706000000, 0x0000000706000000, 0x0000000706200000|  0%| F|  |TAMS 0x0000000706000000, 0x0000000706000000| Untracked 
|  18|0x0000000706200000, 0x0000000706200000, 0x0000000706400000|  0%| F|  |TAMS 0x0000000706200000, 0x0000000706200000| Untracked 
|  19|0x0000000706400000, 0x0000000706400000, 0x0000000706600000|  0%| F|  |TAMS 0x0000000706400000, 0x0000000706400000| Untracked 
|  20|0x0000000706600000, 0x0000000706600000, 0x0000000706800000|  0%| F|  |TAMS 0x0000000706600000, 0x0000000706600000| Untracked 
|  21|0x0000000706800000, 0x0000000706800000, 0x0000000706a00000|  0%| F|  |TAMS 0x0000000706800000, 0x0000000706800000| Untracked 
|  22|0x0000000706a00000, 0x0000000706a00000, 0x0000000706c00000|  0%| F|  |TAMS 0x0000000706a00000, 0x0000000706a00000| Untracked 
|  23|0x0000000706c00000, 0x0000000706c00000, 0x0000000706e00000|  0%| F|  |TAMS 0x0000000706c00000, 0x0000000706c00000| Untracked 
|  24|0x0000000706e00000, 0x0000000706e00000, 0x0000000707000000|  0%| F|  |TAMS 0x0000000706e00000, 0x0000000706e00000| Untracked 
|  25|0x0000000707000000, 0x0000000707000000, 0x0000000707200000|  0%| F|  |TAMS 0x0000000707000000, 0x0000000707000000| Untracked 
|  26|0x0000000707200000, 0x0000000707200000, 0x0000000707400000|  0%| F|  |TAMS 0x0000000707200000, 0x0000000707200000| Untracked 
|  27|0x0000000707400000, 0x0000000707400000, 0x0000000707600000|  0%| F|  |TAMS 0x0000000707400000, 0x0000000707400000| Untracked 
|  28|0x0000000707600000, 0x0000000707600000, 0x0000000707800000|  0%| F|  |TAMS 0x0000000707600000, 0x0000000707600000| Untracked 
|  29|0x0000000707800000, 0x0000000707800000, 0x0000000707a00000|  0%| F|  |TAMS 0x0000000707800000, 0x0000000707800000| Untracked 
|  30|0x0000000707a00000, 0x0000000707a00000, 0x0000000707c00000|  0%| F|  |TAMS 0x0000000707a00000, 0x0000000707a00000| Untracked 
|  31|0x0000000707c00000, 0x0000000707c00000, 0x0000000707e00000|  0%| F|  |TAMS 0x0000000707c00000, 0x0000000707c00000| Untracked 
|  32|0x0000000707e00000, 0x0000000707e00000, 0x0000000708000000|  0%| F|  |TAMS 0x0000000707e00000, 0x0000000707e00000| Untracked 
|  33|0x0000000708000000, 0x0000000708000000, 0x0000000708200000|  0%| F|  |TAMS 0x0000000708000000, 0x0000000708000000| Untracked 
|  34|0x0000000708200000, 0x0000000708200000, 0x0000000708400000|  0%| F|  |TAMS 0x0000000708200000, 0x0000000708200000| Untracked 
|  35|0x0000000708400000, 0x0000000708400000, 0x0000000708600000|  0%| F|  |TAMS 0x0000000708400000, 0x0000000708400000| Untracked 
|  36|0x0000000708600000, 0x0000000708600000, 0x0000000708800000|  0%| F|  |TAMS 0x0000000708600000, 0x0000000708600000| Untracked 
|  37|0x0000000708800000, 0x0000000708800000, 0x0000000708a00000|  0%| F|  |TAMS 0x0000000708800000, 0x0000000708800000| Untracked 
|  38|0x0000000708a00000, 0x0000000708a00000, 0x0000000708c00000|  0%| F|  |TAMS 0x0000000708a00000, 0x0000000708a00000| Untracked 
|  39|0x0000000708c00000, 0x0000000708c00000, 0x0000000708e00000|  0%| F|  |TAMS 0x0000000708c00000, 0x0000000708c00000| Untracked 
|  40|0x0000000708e00000, 0x0000000708e00000, 0x0000000709000000|  0%| F|  |TAMS 0x0000000708e00000, 0x0000000708e00000| Untracked 
|  41|0x0000000709000000, 0x0000000709000000, 0x0000000709200000|  0%| F|  |TAMS 0x0000000709000000, 0x0000000709000000| Untracked 
|  42|0x0000000709200000, 0x0000000709200000, 0x0000000709400000|  0%| F|  |TAMS 0x0000000709200000, 0x0000000709200000| Untracked 
|  43|0x0000000709400000, 0x0000000709400000, 0x0000000709600000|  0%| F|  |TAMS 0x0000000709400000, 0x0000000709400000| Untracked 
|  44|0x0000000709600000, 0x0000000709600000, 0x0000000709800000|  0%| F|  |TAMS 0x0000000709600000, 0x0000000709600000| Untracked 
|  45|0x0000000709800000, 0x0000000709800000, 0x0000000709a00000|  0%| F|  |TAMS 0x0000000709800000, 0x0000000709800000| Untracked 
|  46|0x0000000709a00000, 0x0000000709a00000, 0x0000000709c00000|  0%| F|  |TAMS 0x0000000709a00000, 0x0000000709a00000| Untracked 
|  47|0x0000000709c00000, 0x0000000709c00000, 0x0000000709e00000|  0%| F|  |TAMS 0x0000000709c00000, 0x0000000709c00000| Untracked 
|  48|0x0000000709e00000, 0x0000000709e00000, 0x000000070a000000|  0%| F|  |TAMS 0x0000000709e00000, 0x0000000709e00000| Untracked 
|  49|0x000000070a000000, 0x000000070a000000, 0x000000070a200000|  0%| F|  |TAMS 0x000000070a000000, 0x000000070a000000| Untracked 
|  50|0x000000070a200000, 0x000000070a200000, 0x000000070a400000|  0%| F|  |TAMS 0x000000070a200000, 0x000000070a200000| Untracked 
|  51|0x000000070a400000, 0x000000070a400000, 0x000000070a600000|  0%| F|  |TAMS 0x000000070a400000, 0x000000070a400000| Untracked 
|  52|0x000000070a600000, 0x000000070a600000, 0x000000070a800000|  0%| F|  |TAMS 0x000000070a600000, 0x000000070a600000| Untracked 
|  53|0x000000070a800000, 0x000000070a800000, 0x000000070aa00000|  0%| F|  |TAMS 0x000000070a800000, 0x000000070a800000| Untracked 
|  54|0x000000070aa00000, 0x000000070aa00000, 0x000000070ac00000|  0%| F|  |TAMS 0x000000070aa00000, 0x000000070aa00000| Untracked 
|  55|0x000000070ac00000, 0x000000070ac00000, 0x000000070ae00000|  0%| F|  |TAMS 0x000000070ac00000, 0x000000070ac00000| Untracked 
|  56|0x000000070ae00000, 0x000000070ae00000, 0x000000070b000000|  0%| F|  |TAMS 0x000000070ae00000, 0x000000070ae00000| Untracked 
|  57|0x000000070b000000, 0x000000070b000000, 0x000000070b200000|  0%| F|  |TAMS 0x000000070b000000, 0x000000070b000000| Untracked 
|  58|0x000000070b200000, 0x000000070b200000, 0x000000070b400000|  0%| F|  |TAMS 0x000000070b200000, 0x000000070b200000| Untracked 
|  59|0x000000070b400000, 0x000000070b400000, 0x000000070b600000|  0%| F|  |TAMS 0x000000070b400000, 0x000000070b400000| Untracked 
|  60|0x000000070b600000, 0x000000070b600000, 0x000000070b800000|  0%| F|  |TAMS 0x000000070b600000, 0x000000070b600000| Untracked 
|  61|0x000000070b800000, 0x000000070b800000, 0x000000070ba00000|  0%| F|  |TAMS 0x000000070b800000, 0x000000070b800000| Untracked 
|  62|0x000000070ba00000, 0x000000070ba00000, 0x000000070bc00000|  0%| F|  |TAMS 0x000000070ba00000, 0x000000070ba00000| Untracked 
|  63|0x000000070bc00000, 0x000000070bc00000, 0x000000070be00000|  0%| F|  |TAMS 0x000000070bc00000, 0x000000070bc00000| Untracked 
|  64|0x000000070be00000, 0x000000070be00000, 0x000000070c000000|  0%| F|  |TAMS 0x000000070be00000, 0x000000070be00000| Untracked 
|  65|0x000000070c000000, 0x000000070c000000, 0x000000070c200000|  0%| F|  |TAMS 0x000000070c000000, 0x000000070c000000| Untracked 
|  66|0x000000070c200000, 0x000000070c200000, 0x000000070c400000|  0%| F|  |TAMS 0x000000070c200000, 0x000000070c200000| Untracked 
|  67|0x000000070c400000, 0x000000070c400000, 0x000000070c600000|  0%| F|  |TAMS 0x000000070c400000, 0x000000070c400000| Untracked 
|  68|0x000000070c600000, 0x000000070c600000, 0x000000070c800000|  0%| F|  |TAMS 0x000000070c600000, 0x000000070c600000| Untracked 
|  69|0x000000070c800000, 0x000000070c800000, 0x000000070ca00000|  0%| F|  |TAMS 0x000000070c800000, 0x000000070c800000| Untracked 
|  70|0x000000070ca00000, 0x000000070ca00000, 0x000000070cc00000|  0%| F|  |TAMS 0x000000070ca00000, 0x000000070ca00000| Untracked 
|  71|0x000000070cc00000, 0x000000070cc00000, 0x000000070ce00000|  0%| F|  |TAMS 0x000000070cc00000, 0x000000070cc00000| Untracked 
|  72|0x000000070ce00000, 0x000000070ce00000, 0x000000070d000000|  0%| F|  |TAMS 0x000000070ce00000, 0x000000070ce00000| Untracked 
|  73|0x000000070d000000, 0x000000070d000000, 0x000000070d200000|  0%| F|  |TAMS 0x000000070d000000, 0x000000070d000000| Untracked 
|  74|0x000000070d200000, 0x000000070d200000, 0x000000070d400000|  0%| F|  |TAMS 0x000000070d200000, 0x000000070d200000| Untracked 
|  75|0x000000070d400000, 0x000000070d400000, 0x000000070d600000|  0%| F|  |TAMS 0x000000070d400000, 0x000000070d400000| Untracked 
|  76|0x000000070d600000, 0x000000070d600000, 0x000000070d800000|  0%| F|  |TAMS 0x000000070d600000, 0x000000070d600000| Untracked 
|  77|0x000000070d800000, 0x000000070d800000, 0x000000070da00000|  0%| F|  |TAMS 0x000000070d800000, 0x000000070d800000| Untracked 
|  78|0x000000070da00000, 0x000000070da00000, 0x000000070dc00000|  0%| F|  |TAMS 0x000000070da00000, 0x000000070da00000| Untracked 
|  79|0x000000070dc00000, 0x000000070dc00000, 0x000000070de00000|  0%| F|  |TAMS 0x000000070dc00000, 0x000000070dc00000| Untracked 
|  80|0x000000070de00000, 0x000000070de00000, 0x000000070e000000|  0%| F|  |TAMS 0x000000070de00000, 0x000000070de00000| Untracked 
|  81|0x000000070e000000, 0x000000070e000000, 0x000000070e200000|  0%| F|  |TAMS 0x000000070e000000, 0x000000070e000000| Untracked 
|  82|0x000000070e200000, 0x000000070e200000, 0x000000070e400000|  0%| F|  |TAMS 0x000000070e200000, 0x000000070e200000| Untracked 
|  83|0x000000070e400000, 0x000000070e400000, 0x000000070e600000|  0%| F|  |TAMS 0x000000070e400000, 0x000000070e400000| Untracked 
|  84|0x000000070e600000, 0x000000070e600000, 0x000000070e800000|  0%| F|  |TAMS 0x000000070e600000, 0x000000070e600000| Untracked 
|  85|0x000000070e800000, 0x000000070e800000, 0x000000070ea00000|  0%| F|  |TAMS 0x000000070e800000, 0x000000070e800000| Untracked 
|  86|0x000000070ea00000, 0x000000070ea00000, 0x000000070ec00000|  0%| F|  |TAMS 0x000000070ea00000, 0x000000070ea00000| Untracked 
|  87|0x000000070ec00000, 0x000000070ec00000, 0x000000070ee00000|  0%| F|  |TAMS 0x000000070ec00000, 0x000000070ec00000| Untracked 
|  88|0x000000070ee00000, 0x000000070ee00000, 0x000000070f000000|  0%| F|  |TAMS 0x000000070ee00000, 0x000000070ee00000| Untracked 
|  89|0x000000070f000000, 0x000000070f000000, 0x000000070f200000|  0%| F|  |TAMS 0x000000070f000000, 0x000000070f000000| Untracked 
|  90|0x000000070f200000, 0x000000070f200000, 0x000000070f400000|  0%| F|  |TAMS 0x000000070f200000, 0x000000070f200000| Untracked 
|  91|0x000000070f400000, 0x000000070f400000, 0x000000070f600000|  0%| F|  |TAMS 0x000000070f400000, 0x000000070f400000| Untracked 
|  92|0x000000070f600000, 0x000000070f600000, 0x000000070f800000|  0%| F|  |TAMS 0x000000070f600000, 0x000000070f600000| Untracked 
|  93|0x000000070f800000, 0x000000070f800000, 0x000000070fa00000|  0%| F|  |TAMS 0x000000070f800000, 0x000000070f800000| Untracked 
|  94|0x000000070fa00000, 0x000000070fa00000, 0x000000070fc00000|  0%| F|  |TAMS 0x000000070fa00000, 0x000000070fa00000| Untracked 
|  95|0x000000070fc00000, 0x000000070fc00000, 0x000000070fe00000|  0%| F|  |TAMS 0x000000070fc00000, 0x000000070fc00000| Untracked 
|  96|0x000000070fe00000, 0x000000070fe00000, 0x0000000710000000|  0%| F|  |TAMS 0x000000070fe00000, 0x000000070fe00000| Untracked 
|  97|0x0000000710000000, 0x0000000710000000, 0x0000000710200000|  0%| F|  |TAMS 0x0000000710000000, 0x0000000710000000| Untracked 
|  98|0x0000000710200000, 0x0000000710200000, 0x0000000710400000|  0%| F|  |TAMS 0x0000000710200000, 0x0000000710200000| Untracked 
|  99|0x0000000710400000, 0x0000000710400000, 0x0000000710600000|  0%| F|  |TAMS 0x0000000710400000, 0x0000000710400000| Untracked 
| 100|0x0000000710600000, 0x0000000710600000, 0x0000000710800000|  0%| F|  |TAMS 0x0000000710600000, 0x0000000710600000| Untracked 
| 101|0x0000000710800000, 0x0000000710800000, 0x0000000710a00000|  0%| F|  |TAMS 0x0000000710800000, 0x0000000710800000| Untracked 
| 102|0x0000000710a00000, 0x0000000710a00000, 0x0000000710c00000|  0%| F|  |TAMS 0x0000000710a00000, 0x0000000710a00000| Untracked 
| 103|0x0000000710c00000, 0x0000000710c00000, 0x0000000710e00000|  0%| F|  |TAMS 0x0000000710c00000, 0x0000000710c00000| Untracked 
| 104|0x0000000710e00000, 0x0000000710e00000, 0x0000000711000000|  0%| F|  |TAMS 0x0000000710e00000, 0x0000000710e00000| Untracked 
| 105|0x0000000711000000, 0x0000000711000000, 0x0000000711200000|  0%| F|  |TAMS 0x0000000711000000, 0x0000000711000000| Untracked 
| 106|0x0000000711200000, 0x0000000711200000, 0x0000000711400000|  0%| F|  |TAMS 0x0000000711200000, 0x0000000711200000| Untracked 
| 107|0x0000000711400000, 0x0000000711400000, 0x0000000711600000|  0%| F|  |TAMS 0x0000000711400000, 0x0000000711400000| Untracked 
| 108|0x0000000711600000, 0x0000000711600000, 0x0000000711800000|  0%| F|  |TAMS 0x0000000711600000, 0x0000000711600000| Untracked 
| 109|0x0000000711800000, 0x0000000711800000, 0x0000000711a00000|  0%| F|  |TAMS 0x0000000711800000, 0x0000000711800000| Untracked 
| 110|0x0000000711a00000, 0x0000000711a00000, 0x0000000711c00000|  0%| F|  |TAMS 0x0000000711a00000, 0x0000000711a00000| Untracked 
| 111|0x0000000711c00000, 0x0000000711c00000, 0x0000000711e00000|  0%| F|  |TAMS 0x0000000711c00000, 0x0000000711c00000| Untracked 
| 112|0x0000000711e00000, 0x0000000711e00000, 0x0000000712000000|  0%| F|  |TAMS 0x0000000711e00000, 0x0000000711e00000| Untracked 
| 113|0x0000000712000000, 0x0000000712000000, 0x0000000712200000|  0%| F|  |TAMS 0x0000000712000000, 0x0000000712000000| Untracked 
| 114|0x0000000712200000, 0x0000000712200000, 0x0000000712400000|  0%| F|  |TAMS 0x0000000712200000, 0x0000000712200000| Untracked 
| 115|0x0000000712400000, 0x0000000712400000, 0x0000000712600000|  0%| F|  |TAMS 0x0000000712400000, 0x0000000712400000| Untracked 
| 116|0x0000000712600000, 0x0000000712671b20, 0x0000000712800000| 22%| E|  |TAMS 0x0000000712600000, 0x0000000712600000| Complete 
| 117|0x0000000712800000, 0x0000000712a00000, 0x0000000712a00000|100%| E|CS|TAMS 0x0000000712800000, 0x0000000712800000| Complete 
| 118|0x0000000712a00000, 0x0000000712c00000, 0x0000000712c00000|100%| E|CS|TAMS 0x0000000712a00000, 0x0000000712a00000| Complete 
| 119|0x0000000712c00000, 0x0000000712e00000, 0x0000000712e00000|100%| E|CS|TAMS 0x0000000712c00000, 0x0000000712c00000| Complete 
| 120|0x0000000712e00000, 0x0000000713000000, 0x0000000713000000|100%| E|CS|TAMS 0x0000000712e00000, 0x0000000712e00000| Complete 
| 121|0x0000000713000000, 0x0000000713200000, 0x0000000713200000|100%| E|CS|TAMS 0x0000000713000000, 0x0000000713000000| Complete 
| 122|0x0000000713200000, 0x0000000713400000, 0x0000000713400000|100%| E|  |TAMS 0x0000000713200000, 0x0000000713200000| Complete 
| 123|0x0000000713400000, 0x0000000713600000, 0x0000000713600000|100%| E|CS|TAMS 0x0000000713400000, 0x0000000713400000| Complete 
| 124|0x0000000713600000, 0x0000000713800000, 0x0000000713800000|100%| E|CS|TAMS 0x0000000713600000, 0x0000000713600000| Complete 
| 125|0x0000000713800000, 0x0000000713a00000, 0x0000000713a00000|100%| E|CS|TAMS 0x0000000713800000, 0x0000000713800000| Complete 
| 126|0x0000000713a00000, 0x0000000713c00000, 0x0000000713c00000|100%| E|CS|TAMS 0x0000000713a00000, 0x0000000713a00000| Complete 

Card table byte_map: [0x0000028b7a420000,0x0000028b7ac10000] _byte_map_base: 0x0000028b76c01000

Marking Bits (Prev, Next): (CMBitMap*) 0x0000028b798aff80, (CMBitMap*) 0x0000028b798affc0
 Prev Bits: [0x0000028b7b400000, 0x0000028b7f308000)
 Next Bits: [0x0000028b16870000, 0x0000028b1a778000)

Polling page: 0x0000028b77830000

Metaspace:

Usage:
  Non-class:      6.17 MB used.
      Class:    498.02 KB used.
       Both:      6.65 MB used.

Virtual space:
  Non-class space:       64.00 MB reserved,       6.25 MB ( 10%) committed,  1 nodes.
      Class space:        1.00 GB reserved,     576.00 KB ( <1%) committed,  1 nodes.
             Both:        1.06 GB reserved,       6.81 MB ( <1%) committed. 

Chunk freelists:
   Non-Class:  3.53 MB
       Class:  3.38 MB
        Both:  6.91 MB

MaxMetaspaceSize: unlimited
CompressedClassSpaceSize: 1.00 GB
Initial GC threshold: 21.00 MB
Current GC threshold: 21.00 MB
CDS: on
MetaspaceReclaimPolicy: balanced
 - commit_granule_bytes: 65536.
 - commit_granule_words: 8192.
 - virtual_space_node_default_size: 8388608.
 - enlarge_chunks_in_place: 1.
 - new_chunks_are_fully_committed: 0.
 - uncommit_free_chunks: 1.
 - use_allocation_guard: 0.


Internal statistics:

num_allocs_failed_limit: 0.
num_arena_births: 78.
num_arena_deaths: 0.
num_vsnodes_births: 2.
num_vsnodes_deaths: 0.
num_space_committed: 107.
num_space_uncommitted: 0.
num_chunks_returned_to_freelist: 0.
num_chunks_taken_from_freelist: 283.
num_chunk_merges: 0.
num_chunk_splits: 192.
num_chunks_enlarged: 153.
num_inconsistent_stats: 0.

CodeHeap 'non-profiled nmethods': size=120000Kb used=547Kb max_used=547Kb free=119452Kb
 bounds [0x0000028b0f340000, 0x0000028b0f5b0000, 0x0000028b16870000]
CodeHeap 'profiled nmethods': size=120000Kb used=2246Kb max_used=2246Kb free=117753Kb
 bounds [0x0000028b07e10000, 0x0000028b08080000, 0x0000028b0f340000]
CodeHeap 'non-nmethods': size=5760Kb used=1655Kb max_used=1669Kb free=4105Kb
 bounds [0x0000028b07870000, 0x0000028b07ae0000, 0x0000028b07e10000]
 total_blobs=2321 nmethods=1252 adapters=982
 compilation: enabled
              stopped_count=0, restarted_count=0
 full_count=0

Compilation events (20 events):
Event: 4.958 Thread 0x0000028b7fd1d5a0 1243       1       com.badlogic.gdx.graphics.g2d.Sprite::getWidth (5 bytes)
Event: 4.958 Thread 0x0000028b7fd1d5a0 nmethod 1243 0x0000028b0f3c7c90 code [0x0000028b0f3c7e20, 0x0000028b0f3c7ef8]
Event: 4.958 Thread 0x0000028b7fd1d5a0 1245       1       com.badlogic.gdx.graphics.g2d.Sprite::getHeight (5 bytes)
Event: 4.958 Thread 0x0000028b7fd1d5a0 nmethod 1245 0x0000028b0f3c7f90 code [0x0000028b0f3c8120, 0x0000028b0f3c81f8]
Event: 4.958 Thread 0x0000028b7fd1d5a0 1246       1       com.badlogic.gdx.maps.MapLayer::isVisible (5 bytes)
Event: 4.958 Thread 0x0000028b7fd1d5a0 nmethod 1246 0x0000028b0f3c8290 code [0x0000028b0f3c8420, 0x0000028b0f3c84f8]
Event: 4.959 Thread 0x0000028b7fd1d5a0 1247       1       com.badlogic.gdx.graphics.glutils.ShapeRenderer$ShapeType::getGlType (5 bytes)
Event: 4.959 Thread 0x0000028b7fd1d5a0 nmethod 1247 0x0000028b0f3c8590 code [0x0000028b0f3c8720, 0x0000028b0f3c87f8]
Event: 4.959 Thread 0x0000028b7fd1d5a0 1248       1       com.badlogic.gdx.utils.viewport.Viewport::getCamera (5 bytes)
Event: 4.959 Thread 0x0000028b7fd1d5a0 nmethod 1248 0x0000028b0f3c8890 code [0x0000028b0f3c8a20, 0x0000028b0f3c8af8]
Event: 4.975 Thread 0x0000028b7fd1d5a0 1249       3       com.badlogic.gdx.graphics.Mesh::render (14 bytes)
Event: 4.976 Thread 0x0000028b7fd1d5a0 nmethod 1249 0x0000028b08040810 code [0x0000028b080409a0, 0x0000028b08040ae8]
Event: 4.992 Thread 0x0000028b7fd1d5a0 1250       3       com.badlogic.gdx.utils.LongMap::get (43 bytes)
Event: 4.992 Thread 0x0000028b7fd1d5a0 nmethod 1250 0x0000028b08040b90 code [0x0000028b08040d60, 0x0000028b08041048]
Event: 4.992 Thread 0x0000028b7fd1d5a0 1251       3       com.badlogic.gdx.graphics.Color::set (34 bytes)
Event: 4.993 Thread 0x0000028b7fd1d5a0 nmethod 1251 0x0000028b08041190 code [0x0000028b08041320, 0x0000028b08041458]
Event: 5.044 Thread 0x0000028b7fd1d5a0 1252       3       com.badlogic.gdx.physics.box2d.Body::getPosition (43 bytes)
Event: 5.045 Thread 0x0000028b7fd1d5a0 nmethod 1252 0x0000028b08041510 code [0x0000028b080416c0, 0x0000028b08041888]
Event: 5.059 Thread 0x0000028b7fd1ca80 1253       4       com.badlogic.gdx.utils.LongMap$Values::hasNext (22 bytes)
Event: 5.060 Thread 0x0000028b7fd1ca80 nmethod 1253 0x0000028b0f3c8b90 code [0x0000028b0f3c8d00, 0x0000028b0f3c8d98]

GC Heap History (0 events):
No events

Deoptimization events (20 events):
Event: 2.236 Thread 0x0000028b7983fee0 DEOPT PACKING pc=0x0000028b07f8866a sp=0x0000009e507ff0c0
Event: 2.236 Thread 0x0000028b7983fee0 DEOPT UNPACKING pc=0x0000028b078c6763 sp=0x0000009e507fe568 mode 0
Event: 2.236 Thread 0x0000028b7983fee0 DEOPT PACKING pc=0x0000028b07f977e6 sp=0x0000009e507ff020
Event: 2.236 Thread 0x0000028b7983fee0 DEOPT UNPACKING pc=0x0000028b078c6763 sp=0x0000009e507fe480 mode 0
Event: 2.238 Thread 0x0000028b7983fee0 DEOPT PACKING pc=0x0000028b07f8866a sp=0x0000009e507ff0c0
Event: 2.238 Thread 0x0000028b7983fee0 DEOPT UNPACKING pc=0x0000028b078c6763 sp=0x0000009e507fe568 mode 0
Event: 2.238 Thread 0x0000028b7983fee0 DEOPT PACKING pc=0x0000028b07fa50e1 sp=0x0000009e507feff0
Event: 2.238 Thread 0x0000028b7983fee0 DEOPT UNPACKING pc=0x0000028b078c6763 sp=0x0000009e507fe498 mode 0
Event: 2.239 Thread 0x0000028b7983fee0 DEOPT PACKING pc=0x0000028b07f977e6 sp=0x0000009e507ff060
Event: 2.239 Thread 0x0000028b7983fee0 DEOPT UNPACKING pc=0x0000028b078c6763 sp=0x0000009e507fe4a0 mode 0
Event: 2.239 Thread 0x0000028b7983fee0 DEOPT PACKING pc=0x0000028b07f884b3 sp=0x0000009e507ff0c0
Event: 2.239 Thread 0x0000028b7983fee0 DEOPT UNPACKING pc=0x0000028b078c6763 sp=0x0000009e507fe568 mode 0
Event: 2.240 Thread 0x0000028b7983fee0 DEOPT PACKING pc=0x0000028b07f884b3 sp=0x0000009e507ff0c0
Event: 2.240 Thread 0x0000028b7983fee0 DEOPT UNPACKING pc=0x0000028b078c6763 sp=0x0000009e507fe568 mode 0
Event: 2.240 Thread 0x0000028b7983fee0 DEOPT PACKING pc=0x0000028b07fa50e1 sp=0x0000009e507fefc0
Event: 2.240 Thread 0x0000028b7983fee0 DEOPT UNPACKING pc=0x0000028b078c6763 sp=0x0000009e507fe478 mode 0
Event: 2.240 Thread 0x0000028b7983fee0 DEOPT PACKING pc=0x0000028b07f977e6 sp=0x0000009e507ff080
Event: 2.240 Thread 0x0000028b7983fee0 DEOPT UNPACKING pc=0x0000028b078c6763 sp=0x0000009e507fe4c0 mode 0
Event: 2.638 Thread 0x0000028b7983fee0 DEOPT PACKING pc=0x0000028b07f8b61c sp=0x0000009e507ff040
Event: 2.638 Thread 0x0000028b7983fee0 DEOPT UNPACKING pc=0x0000028b078c6763 sp=0x0000009e507fe4e8 mode 0

Classes loaded (20 events):
Event: 3.755 Loading class java/lang/SecurityException
Event: 3.755 Loading class java/lang/SecurityException done
Event: 3.756 Loading class java/lang/reflect/InvocationTargetException
Event: 3.756 Loading class java/lang/reflect/InvocationTargetException done
Event: 3.759 Loading class java/io/BufferedReader
Event: 3.759 Loading class java/io/BufferedReader done
Event: 3.759 Loading class sun/nio/cs/StreamDecoder
Event: 3.759 Loading class sun/nio/cs/StreamDecoder done
Event: 3.760 Loading class java/util/regex/Pattern$1
Event: 3.760 Loading class java/util/regex/Pattern$1 done
Event: 3.769 Loading class java/lang/NegativeArraySizeException
Event: 3.769 Loading class java/lang/NegativeArraySizeException done
Event: 3.769 Loading class java/lang/StringIndexOutOfBoundsException
Event: 3.769 Loading class java/lang/StringIndexOutOfBoundsException done
Event: 3.775 Loading class java/util/zip/GZIPInputStream
Event: 3.775 Loading class java/util/zip/GZIPInputStream done
Event: 3.777 Loading class sun/nio/cs/UTF_8$Decoder
Event: 3.777 Loading class sun/nio/cs/UTF_8$Decoder done
Event: 3.811 Loading class jdk/internal/math/FloatingDecimal$ASCIIToBinaryBuffer
Event: 3.811 Loading class jdk/internal/math/FloatingDecimal$ASCIIToBinaryBuffer done

Classes unloaded (0 events):
No events

Classes redefined (0 events):
No events

Internal exceptions (20 events):
Event: 0.202 Thread 0x0000028b7983fee0 Exception <a 'java/lang/NoSuchMethodError'{0x00000007137b3218}: 'int java.lang.invoke.DirectMethodHandle$Holder.invokeStaticInit(java.lang.Object, java.lang.Object, int, long)'> (0x00000007137b3218) 
thrown [s\open\src\hotspot\share\interpreter\linkResolver.cpp, line 759]
Event: 0.203 Thread 0x0000028b7983fee0 Exception <a 'java/lang/NoSuchMethodError'{0x00000007137b8ae0}: 'java.lang.Object java.lang.invoke.DirectMethodHandle$Holder.newInvokeSpecial(java.lang.Object, java.lang.Object, int)'> (0x00000007137b8ae0) 
thrown [s\open\src\hotspot\share\interpreter\linkResolver.cpp, line 759]
Event: 0.205 Thread 0x0000028b7983fee0 Exception <a 'java/lang/NoSuchMethodError'{0x00000007137ca558}: 'int java.lang.invoke.DirectMethodHandle$Holder.invokeStaticInit(java.lang.Object, java.lang.Object, long, long)'> (0x00000007137ca558) 
thrown [s\open\src\hotspot\share\interpreter\linkResolver.cpp, line 759]
Event: 0.205 Thread 0x0000028b7983fee0 Exception <a 'java/lang/NoSuchMethodError'{0x00000007137d0668}: 'java.lang.Object java.lang.invoke.DirectMethodHandle$Holder.newInvokeSpecial(java.lang.Object, java.lang.Object, long)'> (0x00000007137d0668) 
thrown [s\open\src\hotspot\share\interpreter\linkResolver.cpp, line 759]
Event: 0.206 Thread 0x0000028b7983fee0 Exception <a 'java/lang/NoSuchMethodError'{0x00000007137d4a90}: 'java.lang.Object java.lang.invoke.Invokers$Holder.linkToTargetMethod(java.lang.Object, long, java.lang.Object)'> (0x00000007137d4a90) 
thrown [s\open\src\hotspot\share\interpreter\linkResolver.cpp, line 759]
Event: 0.206 Thread 0x0000028b7983fee0 Exception <a 'java/lang/NoSuchMethodError'{0x00000007137dc038}: 'int java.lang.invoke.DirectMethodHandle$Holder.invokeStaticInit(java.lang.Object, java.lang.Object, java.lang.Object, long)'> (0x00000007137dc038) 
thrown [s\open\src\hotspot\share\interpreter\linkResolver.cpp, line 759]
Event: 0.220 Thread 0x0000028b7983fee0 Exception <a 'sun/nio/fs/WindowsException'{0x0000000713466b00}> (0x0000000713466b00) 
thrown [s\open\src\hotspot\share\prims\jni.cpp, line 516]
Event: 0.221 Thread 0x0000028b7983fee0 Exception <a 'sun/nio/fs/WindowsException'{0x0000000713466e90}> (0x0000000713466e90) 
thrown [s\open\src\hotspot\share\prims\jni.cpp, line 516]
Event: 0.237 Thread 0x0000028b7983fee0 Exception <a 'sun/nio/fs/WindowsException'{0x000000071350fee0}> (0x000000071350fee0) 
thrown [s\open\src\hotspot\share\prims\jni.cpp, line 516]
Event: 0.237 Thread 0x0000028b7983fee0 Exception <a 'sun/nio/fs/WindowsException'{0x0000000713510240}> (0x0000000713510240) 
thrown [s\open\src\hotspot\share\prims\jni.cpp, line 516]
Event: 0.239 Thread 0x0000028b7983fee0 Exception <a 'java/lang/NoSuchMethodError'{0x00000007135151e0}: 'int java.lang.invoke.Invokers$Holder.invokeExact_MT(java.lang.Object, java.lang.Object)'> (0x00000007135151e0) 
thrown [s\open\src\hotspot\share\interpreter\linkResolver.cpp, line 759]
Event: 0.271 Thread 0x0000028b7983fee0 Exception <a 'sun/nio/fs/WindowsException'{0x00000007135a41b8}> (0x00000007135a41b8) 
thrown [s\open\src\hotspot\share\prims\jni.cpp, line 516]
Event: 0.272 Thread 0x0000028b7983fee0 Exception <a 'sun/nio/fs/WindowsException'{0x00000007135a4530}> (0x00000007135a4530) 
thrown [s\open\src\hotspot\share\prims\jni.cpp, line 516]
Event: 0.896 Thread 0x0000028b7983fee0 Exception <a 'java/lang/NoSuchMethodError'{0x00000007135e17a8}: 'java.lang.Object java.lang.invoke.DirectMethodHandle$Holder.newInvokeSpecial(java.lang.Object, long)'> (0x00000007135e17a8) 
thrown [s\open\src\hotspot\share\interpreter\linkResolver.cpp, line 759]
Event: 1.051 Thread 0x0000028b7983fee0 Exception <a 'java/lang/NoSuchMethodError'{0x00000007132d6158}: 'void java.lang.System.load(java.lang.String, java.lang.Class)'> (0x00000007132d6158) 
thrown [s\open\src\hotspot\share\interpreter\linkResolver.cpp, line 759]
Event: 1.052 Thread 0x0000028b7983fee0 Exception <a 'java/lang/NoSuchMethodError'{0x00000007132d8fe8}: 'void java.lang.System.loadLibrary(java.lang.String, java.lang.Class)'> (0x00000007132d8fe8) 
thrown [s\open\src\hotspot\share\interpreter\linkResolver.cpp, line 759]
Event: 1.055 Thread 0x0000028b7983fee0 Exception <a 'sun/nio/fs/WindowsException'{0x00000007132ebd18}> (0x00000007132ebd18) 
thrown [s\open\src\hotspot\share\prims\jni.cpp, line 516]
Event: 1.055 Thread 0x0000028b7983fee0 Exception <a 'sun/nio/fs/WindowsException'{0x00000007132ec0a8}> (0x00000007132ec0a8) 
thrown [s\open\src\hotspot\share\prims\jni.cpp, line 516]
Event: 1.058 Thread 0x0000028b7983fee0 Exception <a 'sun/nio/fs/WindowsException'{0x00000007132f7a68}> (0x00000007132f7a68) 
thrown [s\open\src\hotspot\share\prims\jni.cpp, line 516]
Event: 1.058 Thread 0x0000028b7983fee0 Exception <a 'sun/nio/fs/WindowsException'{0x00000007132f7d38}> (0x00000007132f7d38) 
thrown [s\open\src\hotspot\share\prims\jni.cpp, line 516]

VM Operations (17 events):
Event: 0.078 Executing VM operation: HandshakeAllThreads
Event: 0.078 Executing VM operation: HandshakeAllThreads done
Event: 0.135 Executing VM operation: HandshakeAllThreads
Event: 0.135 Executing VM operation: HandshakeAllThreads done
Event: 0.171 Executing VM operation: HandshakeAllThreads
Event: 0.171 Executing VM operation: HandshakeAllThreads done
Event: 1.114 Executing VM operation: HandshakeAllThreads
Event: 1.114 Executing VM operation: HandshakeAllThreads done
Event: 1.114 Executing VM operation: Cleanup
Event: 1.114 Executing VM operation: Cleanup done
Event: 2.129 Executing VM operation: Cleanup
Event: 2.129 Executing VM operation: Cleanup done
Event: 3.129 Executing VM operation: Cleanup
Event: 3.129 Executing VM operation: Cleanup done
Event: 4.129 Executing VM operation: Cleanup
Event: 4.130 Executing VM operation: Cleanup done
Event: 5.076 Executing VM operation: Exit

Events (20 events):
Event: 0.023 Thread 0x0000028b7fd171a0 Thread added: 0x0000028b7fd171a0
Event: 0.023 Thread 0x0000028b7fd17a50 Thread added: 0x0000028b7fd17a50
Event: 0.023 Thread 0x0000028b7fd183f0 Thread added: 0x0000028b7fd183f0
Event: 0.024 Thread 0x0000028b7fd19da0 Thread added: 0x0000028b7fd19da0
Event: 0.024 Thread 0x0000028b7fd1ca80 Thread added: 0x0000028b7fd1ca80
Event: 0.024 Thread 0x0000028b7fd1d5a0 Thread added: 0x0000028b7fd1d5a0
Event: 0.024 Thread 0x0000028b7fd20210 Thread added: 0x0000028b7fd20210
Event: 0.060 Thread 0x0000028b209b7040 Thread added: 0x0000028b209b7040
Event: 0.062 Thread 0x0000028b209c3960 Thread added: 0x0000028b209c3960
Event: 0.068 Loaded shared library C:\Users\Anay\OneDrive\Desktop\jdk-18_windows-x64_bin\jdk-18.0.2\bin\net.dll
Event: 0.069 Loaded shared library C:\Users\Anay\OneDrive\Desktop\jdk-18_windows-x64_bin\jdk-18.0.2\bin\nio.dll
Event: 0.072 Loaded shared library C:\Users\Anay\OneDrive\Desktop\jdk-18_windows-x64_bin\jdk-18.0.2\bin\zip.dll
Event: 0.132 Loaded shared library C:\Users\Anay\OneDrive\Desktop\jdk-18_windows-x64_bin\jdk-18.0.2\bin\jimage.dll
Event: 0.138 Loaded shared library C:\Users\Anay\AppData\Local\Temp\libgdxAnay\e787ab0a\gdx64.dll
Event: 0.196 Loaded shared library C:\Users\Anay\AppData\Local\Temp\lwjglAnay\3.3.1-build-7\lwjgl.dll
Event: 1.056 Loaded shared library C:\Users\Anay\AppData\Local\Temp\lwjglAnay\3.3.1-build-7\lwjgl_opengl.dll
Event: 1.122 Thread 0x0000028b26ea8760 Thread added: 0x0000028b26ea8760
Event: 1.380 Thread 0x0000028b272aedd0 Thread added: 0x0000028b272aedd0
Event: 1.796 Thread 0x0000028b26ea8760 Thread exited: 0x0000028b26ea8760
Event: 3.845 Loaded shared library C:\Users\Anay\AppData\Local\Temp\libgdxAnay\888fe1bc\gdx-box2d64.dll


Dynamic libraries:
0x00007ff7a83f0000 - 0x00007ff7a8400000 	C:\Users\Anay\OneDrive\Desktop\jdk-18_windows-x64_bin\jdk-18.0.2\bin\java.exe
0x00007ffa3fef0000 - 0x00007ffa400e8000 	C:\windows\SYSTEM32\ntdll.dll
0x00007ffa3dfa0000 - 0x00007ffa3e05f000 	C:\windows\System32\KERNEL32.DLL
0x00007ffa3db20000 - 0x00007ffa3ddf2000 	C:\windows\System32\KERNELBASE.dll
0x00007ffa3d720000 - 0x00007ffa3d820000 	C:\windows\System32\ucrtbase.dll
0x00007ffa289b0000 - 0x00007ffa289c8000 	C:\Users\Anay\OneDrive\Desktop\jdk-18_windows-x64_bin\jdk-18.0.2\bin\jli.dll
0x00007ffa28070000 - 0x00007ffa2808a000 	C:\Users\Anay\OneDrive\Desktop\jdk-18_windows-x64_bin\jdk-18.0.2\bin\VCRUNTIME140.dll
0x00007ffa3ec10000 - 0x00007ffa3ecbe000 	C:\windows\System32\ADVAPI32.dll
0x00007ffa3e3c0000 - 0x00007ffa3e45e000 	C:\windows\System32\msvcrt.dll
0x00007ffa3ef30000 - 0x00007ffa3efcc000 	C:\windows\System32\sechost.dll
0x00007ffa3f3c0000 - 0x00007ffa3f4e5000 	C:\windows\System32\RPCRT4.dll
0x00007ffa3f4f0000 - 0x00007ffa3f68d000 	C:\windows\System32\USER32.dll
0x00007ffa3d6a0000 - 0x00007ffa3d6c2000 	C:\windows\System32\win32u.dll
0x00007ffa206f0000 - 0x00007ffa2098a000 	C:\windows\WinSxS\amd64_microsoft.windows.common-controls_6595b64144ccf1df_6.0.19041.1110_none_60b5254171f9507e\COMCTL32.dll
0x00007ffa3e960000 - 0x00007ffa3e98b000 	C:\windows\System32\GDI32.dll
0x00007ffa3de00000 - 0x00007ffa3df0f000 	C:\windows\System32\gdi32full.dll
0x00007ffa3d820000 - 0x00007ffa3d8bd000 	C:\windows\System32\msvcp_win.dll
0x00007ffa34e20000 - 0x00007ffa34e2a000 	C:\windows\SYSTEM32\VERSION.dll
0x00007ffa3f180000 - 0x00007ffa3f1b2000 	C:\windows\System32\IMM32.DLL
0x00007ffa29250000 - 0x00007ffa2925c000 	C:\Users\Anay\OneDrive\Desktop\jdk-18_windows-x64_bin\jdk-18.0.2\bin\vcruntime140_1.dll
0x00007ffa16080000 - 0x00007ffa1610d000 	C:\Users\Anay\OneDrive\Desktop\jdk-18_windows-x64_bin\jdk-18.0.2\bin\msvcp140.dll
0x00007ff991db0000 - 0x00007ff9929c1000 	C:\Users\Anay\OneDrive\Desktop\jdk-18_windows-x64_bin\jdk-18.0.2\bin\server\jvm.dll
0x00007ffa3f2f0000 - 0x00007ffa3f2f8000 	C:\windows\System32\PSAPI.DLL
0x00007ffa26610000 - 0x00007ffa26637000 	C:\windows\SYSTEM32\WINMM.dll
0x00007ffa1ef60000 - 0x00007ffa1ef69000 	C:\windows\SYSTEM32\WSOCK32.dll
0x00007ffa3efd0000 - 0x00007ffa3f03b000 	C:\windows\System32\WS2_32.dll
0x00007ffa3b4e0000 - 0x00007ffa3b4f2000 	C:\windows\SYSTEM32\kernel.appcore.dll
0x00007ffa290d0000 - 0x00007ffa290da000 	C:\Users\Anay\OneDrive\Desktop\jdk-18_windows-x64_bin\jdk-18.0.2\bin\jimage.dll
0x00007ffa3ad50000 - 0x00007ffa3af34000 	C:\windows\SYSTEM32\DBGHELP.DLL
0x00007ffa267a0000 - 0x00007ffa267cc000 	C:\windows\SYSTEM32\dbgcore.DLL
0x00007ffa3da90000 - 0x00007ffa3db12000 	C:\windows\System32\bcryptPrimitives.dll
0x00007ffa27fa0000 - 0x00007ffa27fc5000 	C:\Users\Anay\OneDrive\Desktop\jdk-18_windows-x64_bin\jdk-18.0.2\bin\java.dll
0x00007ffa064b0000 - 0x00007ffa06586000 	C:\Users\Anay\OneDrive\Desktop\jdk-18_windows-x64_bin\jdk-18.0.2\bin\jsvml.dll
0x00007ffa3f760000 - 0x00007ffa3fea3000 	C:\windows\System32\SHELL32.dll
0x00007ffa3b6b0000 - 0x00007ffa3be42000 	C:\windows\SYSTEM32\windows.storage.dll
0x00007ffa3e060000 - 0x00007ffa3e3b4000 	C:\windows\System32\combase.dll
0x00007ffa3d050000 - 0x00007ffa3d080000 	C:\windows\SYSTEM32\Wldp.dll
0x00007ffa3ecc0000 - 0x00007ffa3ed6d000 	C:\windows\System32\SHCORE.dll
0x00007ffa3f040000 - 0x00007ffa3f095000 	C:\windows\System32\shlwapi.dll
0x00007ffa3d530000 - 0x00007ffa3d54f000 	C:\windows\SYSTEM32\profapi.dll
0x00007ffa20460000 - 0x00007ffa20473000 	C:\Users\Anay\OneDrive\Desktop\jdk-18_windows-x64_bin\jdk-18.0.2\bin\net.dll
0x00007ffa37fc0000 - 0x00007ffa380cc000 	C:\windows\SYSTEM32\WINHTTP.dll
0x00007ffa3cdb0000 - 0x00007ffa3ce1a000 	C:\windows\system32\mswsock.dll
0x00007ffa202f0000 - 0x00007ffa20306000 	C:\Users\Anay\OneDrive\Desktop\jdk-18_windows-x64_bin\jdk-18.0.2\bin\nio.dll
0x00007ffa1ef70000 - 0x00007ffa1ef88000 	C:\Users\Anay\OneDrive\Desktop\jdk-18_windows-x64_bin\jdk-18.0.2\bin\zip.dll
0x00000000648b0000 - 0x00000000648d9000 	C:\Users\Anay\AppData\Local\Temp\libgdxAnay\e787ab0a\gdx64.dll
0x00007ff9fee20000 - 0x00007ff9fee95000 	C:\Users\Anay\AppData\Local\Temp\lwjglAnay\3.3.1-build-7\lwjgl.dll
0x00007ff99aa40000 - 0x00007ff99ac99000 	C:\Users\Anay\AppData\Local\Temp\lwjglAnay\3.3.1-build-7\jemalloc.dll
0x00007ffa019f0000 - 0x00007ffa01a51000 	C:\Users\Anay\AppData\Local\Temp\lwjglAnay\3.3.1-build-7\glfw.dll
0x00007ffa15eb0000 - 0x00007ffa15ef5000 	C:\windows\SYSTEM32\dinput8.dll
0x00007ffa1efb0000 - 0x00007ffa1efc1000 	C:\windows\SYSTEM32\xinput1_4.dll
0x00007ffa3d6d0000 - 0x00007ffa3d71e000 	C:\windows\System32\cfgmgr32.dll
0x00007ffa3d3b0000 - 0x00007ffa3d3dc000 	C:\windows\SYSTEM32\DEVOBJ.dll
0x00007ffa3b0a0000 - 0x00007ffa3b0cf000 	C:\windows\SYSTEM32\dwmapi.dll
0x00007ffa1b010000 - 0x00007ffa1b162000 	C:\windows\SYSTEM32\inputhost.dll
0x00007ffa3f690000 - 0x00007ffa3f75d000 	C:\windows\System32\OLEAUT32.dll
0x00007ffa3a7f0000 - 0x00007ffa3a8e2000 	C:\windows\SYSTEM32\CoreMessaging.dll
0x00007ffa38600000 - 0x00007ffa386f6000 	C:\windows\SYSTEM32\PROPSYS.dll
0x00007ffa39130000 - 0x00007ffa39284000 	C:\windows\SYSTEM32\wintypes.dll
0x00007ffa3a110000 - 0x00007ffa3a46e000 	C:\windows\SYSTEM32\CoreUIComponents.dll
0x00007ffa3c780000 - 0x00007ffa3c7b3000 	C:\windows\SYSTEM32\ntmarta.dll
0x00007ffa3ab20000 - 0x00007ffa3abbe000 	C:\windows\system32\uxtheme.dll
0x00007ffa3e990000 - 0x00007ffa3eaa5000 	C:\windows\System32\MSCTF.dll
0x00007ff996cf0000 - 0x00007ff996e87000 	C:\Users\Anay\AppData\Local\Temp\lwjglAnay\3.3.1-build-7\OpenAL.dll
0x00007ffa3f1c0000 - 0x00007ffa3f2ea000 	C:\windows\System32\ole32.dll
0x00007ffa3f300000 - 0x00007ffa3f3af000 	C:\windows\System32\clbcatq.dll
0x00007ffa36350000 - 0x00007ffa363d5000 	C:\windows\System32\MMDevApi.dll
0x00007ffa35b00000 - 0x00007ffa35c82000 	C:\windows\SYSTEM32\AUDIOSES.DLL
0x00007ffa3cbc0000 - 0x00007ffa3cc0b000 	C:\windows\SYSTEM32\powrprof.dll
0x00007ffa3ca30000 - 0x00007ffa3ca42000 	C:\windows\SYSTEM32\UMPDC.dll
0x00007ffa3b1b0000 - 0x00007ffa3b1c4000 	C:\windows\SYSTEM32\resourcepolicyclient.dll
0x00007ffa1ce30000 - 0x00007ffa1cf55000 	C:\windows\SYSTEM32\opengl32.dll
0x00007ffa1cdc0000 - 0x00007ffa1cdec000 	C:\windows\SYSTEM32\GLU32.dll
0x00007ffa34e90000 - 0x00007ffa34f87000 	C:\Windows\System32\AppXDeploymentClient.dll
0x00007ff98f9b0000 - 0x00007ff99097b000 	C:\windows\System32\DriverStore\FileRepository\iigd_dch.inf_amd64_32d00482e786db73\igxelpicd64.dll
0x00007ffa3beb0000 - 0x00007ffa3bfa3000 	C:\windows\system32\dxgi.dll
0x00007ff992e60000 - 0x00007ff9932e7000 	C:\windows\System32\DriverStore\FileRepository\iigd_dch.inf_amd64_32d00482e786db73\igdml64.dll
0x00007ffa2fe20000 - 0x00007ffa301ed000 	C:\windows\System32\DriverStore\FileRepository\iigd_dch.inf_amd64_32d00482e786db73\igdgmm64.dll
0x00007ffa2d0d0000 - 0x00007ffa2fe17000 	C:\windows\System32\DriverStore\FileRepository\iigd_dch.inf_amd64_32d00482e786db73\igc64.dll
0x00007ffa05330000 - 0x00007ffa0538d000 	C:\Users\Anay\AppData\Local\Temp\lwjglAnay\3.3.1-build-7\lwjgl_opengl.dll
0x00007ffa1bc90000 - 0x00007ffa1bd89000 	C:\windows\SYSTEM32\textinputframework.dll
0x0000000064850000 - 0x00000000648aa000 	C:\Users\Anay\AppData\Local\Temp\libgdxAnay\888fe1bc\gdx-box2d64.dll

dbghelp: loaded successfully - version: 4.0.5 - missing functions: none
symbol engine: initialized successfully - sym options: 0x614 - pdb path: .;C:\Users\Anay\OneDrive\Desktop\jdk-18_windows-x64_bin\jdk-18.0.2\bin;C:\windows\SYSTEM32;C:\windows\WinSxS\amd64_microsoft.windows.common-controls_6595b64144ccf1df_6.0.19041.1110_none_60b5254171f9507e;C:\Users\Anay\OneDrive\Desktop\jdk-18_windows-x64_bin\jdk-18.0.2\bin\server;C:\Users\Anay\AppData\Local\Temp\libgdxAnay\e787ab0a;C:\Users\Anay\AppData\Local\Temp\lwjglAnay\3.3.1-build-7;C:\windows\System32\DriverStore\FileRepository\iigd_dch.inf_amd64_32d00482e786db73;C:\Users\Anay\AppData\Local\Temp\libgdxAnay\888fe1bc

VM Arguments:
jvm_args: -Dfile.encoding=windows-1252 -Duser.country=IN -Duser.language=en -Duser.variant 
java_command: com.mygdx.game.DesktopLauncher
java_class_path (initial): C:\Users\Anay\Downloads\TankStars\desktop\build\classes\java\main;C:\Users\Anay\Downloads\TankStars\desktop\build\resources\main;C:\Users\Anay\.gradle\caches\modules-2\files-2.1\com.badlogicgames.gdx\gdx-backend-lwjgl3\1.11.0\58a96db4cd349be4292d547856aa1e1c5f065f4e\gdx-backend-lwjgl3-1.11.0.jar;C:\Users\Anay\.gradle\caches\modules-2\files-2.1\com.badlogicgames.gdx\gdx-platform\1.11.0\697fb13eada6d3c6ca648c9788692b0159add126\gdx-platform-1.11.0-natives-desktop.jar;C:\Users\Anay\.gradle\caches\modules-2\files-2.1\com.badlogicgames.gdx\gdx-box2d-platform\1.11.0\62ff9baa1e57a11e0a4428a38c9660bf9f312fdc\gdx-box2d-platform-1.11.0-natives-desktop.jar;C:\Users\Anay\.gradle\caches\modules-2\files-2.1\com.badlogicgames.gdx\gdx-bullet-platform\1.11.0\2c067b913a306ba26d482075297538ad91cdb88b\gdx-bullet-platform-1.11.0-natives-desktop.jar;C:\Users\Anay\Downloads\TankStars\core\build\libs\core-1.0.jar;C:\Users\Anay\.gradle\caches\modules-2\files-2.1\com.badlogicgames.box2dlights\box2dlights\1.5\6902dbcd250c95a27973aa24a147a95b3828d348\box2dlights-1.5.jar;C:\Users\Anay\.gradle\caches\modules-2\files-2.1\com.badlogicgames.gdx\gdx-box2d\1.11.0\ad4facee800dd945d6d6e93dea2936bc135b5f\gdx-box2d-1.11.0.jar;C:\Users\Anay\.gradle\caches\modules-2\files-2.1\com.badlogicgames.gdx\gdx-bullet\1.11.0\1eb83845fa655e7e8ab6bbb979d28b0502ad3302\gdx-bullet-1.11.0.jar;C:\Users\Anay\.gradle\caches\modules-2\files-2.1\com.badlogicgames.gdx\gdx\1.11.0\ffe1206d1004cd9e40027e28964be0fea0399af7\gdx-1.11.0.jar;C:\Users\Anay\.gradle\caches\modules-2\files-2.1\org.lwjgl\lwjgl-glfw\3.3.1\cbac1b8d30cb4795149c1ef540f912671a8616d0\lwjgl-glfw-3.3.1.jar;C:\Users\Anay\.gradle\caches\modules-2\files-2.1\org.lwjgl\lwjgl-glfw\3.3.1\81716978214ecbda15050ca394b06ef61501a49e\lwjgl-glfw-3.3.1-natives-linux.jar;C:\Users\Anay\.gradle\caches\modules-2\files-2.1\org.lwjgl\lwjgl-glfw\3.3.1\816d935933f2dd743074c4e717cc25b55720f294\lwjgl-glfw-3.3.1-natives-linux-arm32.jar;C:\Users\Anay\.gradle\caches\modules-2\files-2.1\org.lwjgl\lwjgl-glfw\3.3.1\513eb39b866d0fe131a18d5c517087805433b029\lwjgl-glfw-3.3.1-natives-linux-arm64.jar;C:\Users\Anay\.gradle\caches\modules-2\files-2.1\org.lwjgl\lwjgl-glfw\3.3.1\9ec4ce1fc8c85fdef03ef4ff2aace6f5775fb280\lwjgl-glfw-3.3.1-natives-macos.jar;C:\Users\Anay\.gradle\caches\modules-2\files-2.1\org.lwjgl\lwjgl-glfw\3.3.1\cac0d3f712a3da7641fa174735a5f315de7ffe0a\lwjgl-glfw-3.3.1-natives-macos-arm64.jar;C:\Users\Anay\.gradle\caches\modules-2\files-2.1\org.lwjgl\lwjgl-glfw\3.3.1\ed892f945cf7e79c8756796f32d00fa4ceaf573b\lwjgl-glfw-3.3.1-natives-windows.jar;C:\Users\Anay\.gradle\caches\modules-2\files-2.1\org.lwjgl\lwjgl-glfw\3.3.1\b997e3391d6ce8f05487e7335d95c606043884a1\lwjgl-glfw-3.3.1-natives-windows-x86.jar;C:\Users\Anay\.gradle\caches\modules-2\files-2.1\org.lwjgl\lwjgl-jemalloc\3.3.1\a817bcf213db49f710603677457567c37d53e103\lwjgl-jemalloc-3.3.1.jar;C:\Users\Anay\.gradle\caches\modules-2\files-2.1\org.lwjgl\lwjgl-jemalloc\3.3.1\33dbb017b6ed6b25f993ad9d56741a49e7937718\lwjgl-jemalloc-3.3.1-natives-linux.jar;C:\Users\Anay\.gradle\caches\modules-2\files-2.1\org.lwjgl\lwjgl-jemalloc\3.3.1\a96a6d6cb3876d7813fcee53c3c24f246aeba3b3\lwjgl-jemalloc-3.3.1-natives-linux-arm32.jar;C:\Users\Anay\.gradle\caches\modules-2\files-2.1\org.lwjgl\lwjgl-jemalloc\3.3.1\c6606e57db075ad218a2e78d2416c159a53b6a0c\lwjgl-jemalloc-3.3.1-natives-linux-arm64.jar;C:\Users\Anay\.gradle\caches\modules-2\files-2.1\org.lwjgl\lwjgl-jemalloc\3.3.1\56424dc8db3cfb8e7b594aa6d59a4f4387b7f544\lwjgl-jemalloc-3.3.1-natives-macos.jar;C:\Users\Anay\.gradle\caches\modules-2\files-2.1\org.lwjgl\lwjgl-jemalloc\3.3.1\e577b87d8ad2ade361aaea2fcf226c660b15dee8\lwjgl-jemalloc-3.3.1-natives-macos-arm64.jar;C:\Users\Anay\.gradle\caches\modules-2\files-2.1\org.lwjgl\lwjgl-jemalloc\3.3.1\948a89b76a16aa324b046ae9308891216ffce5f9\lwjgl-jemalloc-3.3.1-natives-windows.jar;C:\Users\Anay\.gradle\caches\modules-2\files-2.1\org.lwjgl\lwjgl-jemalloc\3.3.1\fb476c8ec110e1c137ad3ce8a7f7bfe6b11c6324\lwjgl-jemalloc-3.3.1-natives-windows-x86.jar;C:\Users\Anay\.gradle\caches\modules-2\files-2.1\org.lwjgl\lwjgl-openal\3.3.1\2623a6b8ae1dfcd880738656a9f0243d2e6840bd\lwjgl-openal-3.3.1.jar;C:\Users\Anay\.gradle\caches\modules-2\files-2.1\org.lwjgl\lwjgl-openal\3.3.1\f906b6439f6daa66001182ea7727e3467a93681b\lwjgl-openal-3.3.1-natives-linux.jar;C:\Users\Anay\.gradle\caches\modules-2\files-2.1\org.lwjgl\lwjgl-openal\3.3.1\ffbe35d7fa5ec9b7eca136a7c71f24d4025a510b\lwjgl-openal-3.3.1-natives-linux-arm32.jar;C:\Users\Anay\.gradle\caches\modules-2\files-2.1\org.lwjgl\lwjgl-openal\3.3.1\cf4e303257e82981b8b2e31bba3d7f8f7b8f42b2\lwjgl-openal-3.3.1-natives-linux-arm64.jar;C:\Users\Anay\.gradle\caches\modules-2\files-2.1\org.lwjgl\lwjgl-openal\3.3.1\3a57b8911835fb58b5e558d0ca0d28157e263d45\lwjgl-openal-3.3.1-natives-macos.jar;C:\Users\Anay\.gradle\caches\modules-2\files-2.1\org.lwjgl\lwjgl-openal\3.3.1\23d55e7490b57495320f6c9e1936d78fd72c4ef8\lwjgl-openal-3.3.1-natives-macos-arm64.jar;C:\Users\Anay\.gradle\caches\modules-2\files-2.1\org.lwjgl\lwjgl-openal\3.3.1\30a474d0e57193d7bc128849a3ab66bc9316fdb1\lwjgl-openal-3.3.1-natives-windows.jar;C:\Users\Anay\.gradle\caches\modules-2\files-2.1\org.lwjgl\lwjgl-openal\3.3.1\888349f7b1be6fbae58bf8edfb9ef12def04c4e3\lwjgl-openal-3.3.1-natives-windows-x86.jar;C:\Users\Anay\.gradle\caches\modules-2\files-2.1\org.lwjgl\lwjgl-opengl\3.3.1\831a5533a21a5f4f81bbc51bb13e9899319b5411\lwjgl-opengl-3.3.1.jar;C:\Users\Anay\.gradle\caches\modules-2\files-2.1\org.lwjgl\lwjgl-opengl\3.3.1\ab9ab6fde3743e3550fa5d46d785ecb45b047d99\lwjgl-opengl-3.3.1-natives-linux.jar;C:\Users\Anay\.gradle\caches\modules-2\files-2.1\org.lwjgl\lwjgl-opengl\3.3.1\e3550fa91097fd56e361b4370fa822220fef3595\lwjgl-opengl-3.3.1-natives-linux-arm32.jar;C:\Users\Anay\.gradle\caches\modules-2\files-2.1\org.lwjgl\lwjgl-opengl\3.3.1\1c528fb258a6e63e8fceb4482d8db0f3af10a634\lwjgl-opengl-3.3.1-natives-linux-arm64.jar;C:\Users\Anay\.gradle\caches\modules-2\files-2.1\org.lwjgl\lwjgl-opengl\3.3.1\a0d12697ea019a7362eff26475b0531340e876a6\lwjgl-opengl-3.3.1-natives-macos.jar;C:\Users\Anay\.gradle\caches\modules-2\files-2.1\org.lwjgl\lwjgl-opengl\3.3.1\eafe34b871d966292e8db0f1f3d6b8b110d4e91d\lwjgl-opengl-3.3.1-natives-macos-arm64.jar;C:\Users\Anay\.gradle\caches\modules-2\files-2.1\org.lwjgl\lwjgl-opengl\3.3.1\c1807e9bd571402787d7e37e3029776ae2513bb8\lwjgl-opengl-3.3.1-natives-windows.jar;C:\Users\Anay\.gradle\caches\modules-2\files-2.1\org.lwjgl\lwjgl-opengl\3.3.1\deef3eb9b178ff2ff3ce893cc72ae741c3a17974\lwjgl-opengl-3.3.1-natives-windows-x86.jar;C:\Users\Anay\.gradle\caches\modules-2\files-2.1\org.lwjgl\lwjgl-stb\3.3.1\b119297cf8ed01f247abe8685857f8e7fcf5980f\lwjgl-stb-3.3.1.jar;C:\Users\Anay\.gradle\caches\modules-2\files-2.1\org.lwjgl\lwjgl-stb\3.3.1\3ee7aec8686e52867677110415566a5342a80230\lwjgl-stb-3.3.1-natives-linux.jar;C:\Users\Anay\.gradle\caches\modules-2\files-2.1\org.lwjgl\lwjgl-stb\3.3.1\b08226bab162c06ae69337d8a1b0ee0a3fdf0b90\lwjgl-stb-3.3.1-natives-linux-arm32.jar;C:\Users\Anay\.gradle\caches\modules-2\files-2.1\org.lwjgl\lwjgl-stb\3.3.1\8e8348a1813aad7f30aaf75ea197151ebb7beba9\lwjgl-stb-3.3.1-natives-linux-arm64.jar;C:\Users\Anay\.gradle\caches\modules-2\files-2.1\org.lwjgl\lwjgl-stb\3.3.1\def8879b8d38a47a4cc1d48b1f9a7b772e51258e\lwjgl-stb-3.3.1-natives-macos.jar;C:\Users\Anay\.gradle\caches\modules-2\files-2.1\org.lwjgl\lwjgl-stb\3.3.1\fcf073ed911752abdca5f0b00a53cfdf17ff8e8b\lwjgl-stb-3.3.1-natives-macos-arm64.jar;C:\Users\Anay\.gradle\caches\modules-2\files-2.1\org.lwjgl\lwjgl-stb\3.3.1\86315914ac119efdb02dc9e8e978ade84f1702af\lwjgl-stb-3.3.1-natives-windows.jar;C:\Users\Anay\.gradle\caches\modules-2\files-2.1\org.lwjgl\lwjgl-stb\3.3.1\a8d41f419eecb430b7c91ea2ce2c5c451cae2091\lwjgl-stb-3.3.1-natives-windows-x86.jar;C:\Users\Anay\.gradle\caches\modules-2\files-2.1\org.lwjgl\lwjgl\3.3.1\ae58664f88e18a9bb2c77b063833ca7aaec484cb\lwjgl-3.3.1.jar;C:\Users\Anay\.gradle\caches\modules-2\files-2.1\org.lwjgl\lwjgl\3.3.1\1de885aba434f934201b99f2f1afb142036ac189\lwjgl-3.3.1-natives-linux.jar;C:\Users\Anay\.gradle\caches\modules-2\files-2.1\org.lwjgl\lwjgl\3.3.1\41a3c1dd15d6b964eb8196dde69720a3e3e5e969\lwjgl-3.3.1-natives-linux-arm32.jar;C:\Users\Anay\.gradle\caches\modules-2\files-2.1\org.lwjgl\lwjgl\3.3.1\b597401014acb7196c76d97e15a6288f54f1f692\lwjgl-3.3.1-natives-linux-arm64.jar;C:\Users\Anay\.gradle\caches\modules-2\files-2.1\org.lwjgl\lwjgl\3.3.1\fc6bb723dec2cd031557dccb2a95f0ab80acb9db\lwjgl-3.3.1-natives-macos.jar;C:\Users\Anay\.gradle\caches\modules-2\files-2.1\org.lwjgl\lwjgl\3.3.1\71d0d5e469c9c95351eb949064497e3391616ac9\lwjgl-3.3.1-natives-macos-arm64.jar;C:\Users\Anay\.gradle\caches\modules-2\files-2.1\org.lwjgl\lwjgl\3.3.1\36c37f16ab611b3aa11f3bcf80b1d509b4ce6b\lwjgl-3.3.1-natives-windows.jar;C:\Users\Anay\.gradle\caches\modules-2\files-2.1\org.lwjgl\lwjgl\3.3.1\3b14f4beae9dd39791ec9e12190a9380cd8a3ce6\lwjgl-3.3.1-natives-windows-x86.jar;C:\Users\Anay\.gradle\caches\modules-2\files-2.1\com.badlogicgames.jlayer\jlayer\1.0.1-gdx\7cca83cec5c1b2f011362f4d85aabd71a73b049d\jlayer-1.0.1-gdx.jar;C:\Users\Anay\.gradle\caches\modules-2\files-2.1\org.jcraft\jorbis\0.0.17\8872d22b293e8f5d7d56ff92be966e6dc28ebdc6\jorbis-0.0.17.jar;C:\Users\Anay\.gradle\caches\modules-2\files-2.1\com.badlogicgames.gdx\gdx-jnigen-loader\2.3.1\2d472f69243631fbcb3d4c3f93dd2e137a6cb084\gdx-jnigen-loader-2.3.1.jar
Launcher Type: SUN_STANDARD

[Global flags]
     intx CICompilerCount                          = 4                                         {product} {ergonomic}
     uint ConcGCThreads                            = 2                                         {product} {ergonomic}
     uint G1ConcRefinementThreads                  = 8                                         {product} {ergonomic}
   size_t G1HeapRegionSize                         = 2097152                                   {product} {ergonomic}
    uintx GCDrainStackTargetSize                   = 64                                        {product} {ergonomic}
   size_t InitialHeapSize                          = 266338304                                 {product} {ergonomic}
   size_t MarkStackSize                            = 4194304                                   {product} {ergonomic}
   size_t MaxHeapSize                              = 4229955584                                {product} {ergonomic}
   size_t MaxNewSize                               = 2537553920                                {product} {ergonomic}
   size_t MinHeapDeltaBytes                        = 2097152                                   {product} {ergonomic}
   size_t MinHeapSize                              = 8388608                                   {product} {ergonomic}
    uintx NonNMethodCodeHeapSize                   = 5839372                                {pd product} {ergonomic}
    uintx NonProfiledCodeHeapSize                  = 122909434                              {pd product} {ergonomic}
    uintx ProfiledCodeHeapSize                     = 122909434                              {pd product} {ergonomic}
    uintx ReservedCodeCacheSize                    = 251658240                              {pd product} {ergonomic}
     bool SegmentedCodeCache                       = true                                      {product} {ergonomic}
   size_t SoftMaxHeapSize                          = 4229955584                             {manageable} {ergonomic}
     bool UseCompressedClassPointers               = true                           {product lp64_product} {ergonomic}
     bool UseCompressedOops                        = true                           {product lp64_product} {ergonomic}
     bool UseG1GC                                  = true                                      {product} {ergonomic}
     bool UseLargePagesIndividualAllocation        = false                                  {pd product} {ergonomic}

Logging:
Log output configuration:
 #0: stdout all=off uptime,level,tags foldmultilines=false
 #1: stderr all=off uptime,level,tags foldmultilines=false

Environment Variables:
JAVA_HOME=C:\Users\Anay\OneDrive\Desktop\jdk-18_windows-x64_bin\jdk-18.0.2
PATH=C:\Program Files (x86)\VMware\VMware Player\bin\;C:\windows\system32;C:\windows;C:\windows\System32\Wbem;C:\windows\System32\WindowsPowerShell\v1.0\;C:\windows\System32\OpenSSH\;C:\Program Files (x86)\NVIDIA Corporation\PhysX\Common;C:\Program Files\NVIDIA Corporation\NVIDIA NvDLISR;C:\Users\Anay\OneDrive\Desktop\jdk-18_windows-x64_bin\jdk-18.0.2\bin;C:\ProgramData\chocolatey\bin;C:\Users\Anay\OneDrive\Desktop\jdk-18_windows-x64_bin\jdk-18.0.2\bin;C:\Users\Anay\AppData\Local\Microsoft\WindowsApps;C:\msys64\mingw64\bin;C:\MinGW\bin;C:\msys64(1)\mingw64\bin;C:\Users\Anay\AppData\Local\Programs\Microsoft VS Code\bin;C:\msys64\mingw64\bin;
USERNAME=Anay
OS=Windows_NT
PROCESSOR_IDENTIFIER=Intel64 Family 6 Model 140 Stepping 1, GenuineIntel



---------------  S Y S T E M  ---------------

OS:
 Windows 10 , 64 bit Build 19041 (10.0.19041.2251)
OS uptime: 3 days 1:24 hours

CPU: total 8 (initial active 8) (4 cores per cpu, 2 threads per core) family 6 model 140 stepping 1 microcode 0xa4, cx8, cmov, fxsr, ht, mmx, 3dnowpref, sse, sse2, sse3, ssse3, sse4.1, sse4.2, popcnt, lzcnt, tsc, tscinvbit, avx, avx2, aes, erms, clmul, bmi1, bmi2, adx, avx512f, avx512dq, avx512cd, avx512bw, avx512vl, sha, fma, vzeroupper, avx512_vpopcntdq, avx512_vpclmulqdq, avx512_vaes, avx512_vnni, clflush, clflushopt, clwb, avx512_vbmi2, avx512_vbmi

Memory: 4k page, system-wide physical 16129M (4327M free)
TotalPageFile size 33883M (AvailPageFile size 11327M)
current process WorkingSet (physical memory assigned to process): 203M, peak: 207M
current process commit charge ("private bytes"): 448M, peak: 449M

vm_info: Java HotSpot(TM) 64-Bit Server VM (18.0.2+9-61) for windows-amd64 JRE (18.0.2+9-61), built on Jun  7 2022 13:09:01 by "mach5one" with MS VC++ 16.8 / 16.9 (VS2019)

END.
